[INFO  - 2017-09-13T09:28:08.328Z] GhostDriver - Main - running on port 21750
[INFO  - 2017-09-13T09:28:09.364Z] Session [db203790-9865-11e7-ab36-a3693dc4afc0] - page.settings - {"XSSAuditingEnabled":false,"javascriptCanCloseWindows":true,"javascriptCanOpenWindows":true,"javascriptEnabled":true,"loadImages":true,"localToRemoteUrlAccessEnabled":false,"userAgent":"Mozilla/5.0 (Windows NT 6.1) AppleWebKit/538.1 (KHTML, like Gecko) PhantomJS/2.1.1 Safari/538.1","webSecurityEnabled":true}
[INFO  - 2017-09-13T09:28:09.364Z] Session [db203790-9865-11e7-ab36-a3693dc4afc0] - page.customHeaders:  - {}
[INFO  - 2017-09-13T09:28:09.365Z] Session [db203790-9865-11e7-ab36-a3693dc4afc0] - Session.negotiatedCapabilities - {"browserName":"phantomjs","version":"2.1.1","driverName":"ghostdriver","driverVersion":"1.2.0","platform":"windows-7-32bit","javascriptEnabled":true,"takesScreenshot":true,"handlesAlerts":false,"databaseEnabled":false,"locationContextEnabled":false,"applicationCacheEnabled":false,"browserConnectionEnabled":false,"cssSelectorsEnabled":true,"webStorageEnabled":false,"rotatable":false,"acceptSslCerts":false,"nativeEvents":true,"proxy":{"proxyType":"direct"}}
[INFO  - 2017-09-13T09:28:09.365Z] SessionManagerReqHand - _postNewSessionCommand - New Session Created: db203790-9865-11e7-ab36-a3693dc4afc0
[INFO  - 2017-09-13T09:28:12.035Z] ShutdownReqHand - _handle - About to shutdown
[INFO  - 2017-09-13T09:28:53.662Z] GhostDriver - Main - running on port 43997
[INFO  - 2017-09-13T09:28:54.117Z] Session [f5cd49c0-9865-11e7-9002-91850e2790af] - page.settings - {"XSSAuditingEnabled":false,"javascriptCanCloseWindows":true,"javascriptCanOpenWindows":true,"javascriptEnabled":true,"loadImages":true,"localToRemoteUrlAccessEnabled":false,"userAgent":"Mozilla/5.0 (Windows NT 6.1) AppleWebKit/538.1 (KHTML, like Gecko) PhantomJS/2.1.1 Safari/538.1","webSecurityEnabled":true}
[INFO  - 2017-09-13T09:28:54.117Z] Session [f5cd49c0-9865-11e7-9002-91850e2790af] - page.customHeaders:  - {}
[INFO  - 2017-09-13T09:28:54.117Z] Session [f5cd49c0-9865-11e7-9002-91850e2790af] - Session.negotiatedCapabilities - {"browserName":"phantomjs","version":"2.1.1","driverName":"ghostdriver","driverVersion":"1.2.0","platform":"windows-7-32bit","javascriptEnabled":true,"takesScreenshot":true,"handlesAlerts":false,"databaseEnabled":false,"locationContextEnabled":false,"applicationCacheEnabled":false,"browserConnectionEnabled":false,"cssSelectorsEnabled":true,"webStorageEnabled":false,"rotatable":false,"acceptSslCerts":false,"nativeEvents":true,"proxy":{"proxyType":"direct"}}
[INFO  - 2017-09-13T09:28:54.117Z] SessionManagerReqHand - _postNewSessionCommand - New Session Created: f5cd49c0-9865-11e7-9002-91850e2790af
[INFO  - 2017-09-13T09:28:59.176Z] ShutdownReqHand - _handle - About to shutdown
[INFO  - 2017-09-13T09:34:29.014Z] GhostDriver - Main - running on port 31488
[INFO  - 2017-09-13T09:34:29.538Z] Session [bdba7890-9866-11e7-b8c1-457f6798927a] - page.settings - {"XSSAuditingEnabled":false,"javascriptCanCloseWindows":true,"javascriptCanOpenWindows":true,"javascriptEnabled":true,"loadImages":true,"localToRemoteUrlAccessEnabled":false,"userAgent":"Mozilla/5.0 (Windows NT 6.1) AppleWebKit/538.1 (KHTML, like Gecko) PhantomJS/2.1.1 Safari/538.1","webSecurityEnabled":true}
[INFO  - 2017-09-13T09:34:29.538Z] Session [bdba7890-9866-11e7-b8c1-457f6798927a] - page.customHeaders:  - {}
[INFO  - 2017-09-13T09:34:29.538Z] Session [bdba7890-9866-11e7-b8c1-457f6798927a] - Session.negotiatedCapabilities - {"browserName":"phantomjs","version":"2.1.1","driverName":"ghostdriver","driverVersion":"1.2.0","platform":"windows-7-32bit","javascriptEnabled":true,"takesScreenshot":true,"handlesAlerts":false,"databaseEnabled":false,"locationContextEnabled":false,"applicationCacheEnabled":false,"browserConnectionEnabled":false,"cssSelectorsEnabled":true,"webStorageEnabled":false,"rotatable":false,"acceptSslCerts":false,"nativeEvents":true,"proxy":{"proxyType":"direct"}}
[INFO  - 2017-09-13T09:34:29.539Z] SessionManagerReqHand - _postNewSessionCommand - New Session Created: bdba7890-9866-11e7-b8c1-457f6798927a
[INFO  - 2017-09-13T09:34:41.128Z] ShutdownReqHand - _handle - About to shutdown
[INFO  - 2017-09-13T09:38:44.512Z] GhostDriver - Main - running on port 9477
[INFO  - 2017-09-13T09:38:44.910Z] Session [55f0fe40-9867-11e7-8a80-b7d4a3f507ce] - page.settings - {"XSSAuditingEnabled":false,"javascriptCanCloseWindows":true,"javascriptCanOpenWindows":true,"javascriptEnabled":true,"loadImages":true,"localToRemoteUrlAccessEnabled":false,"userAgent":"Mozilla/5.0 (Windows NT 6.1) AppleWebKit/538.1 (KHTML, like Gecko) PhantomJS/2.1.1 Safari/538.1","webSecurityEnabled":true}
[INFO  - 2017-09-13T09:38:44.910Z] Session [55f0fe40-9867-11e7-8a80-b7d4a3f507ce] - page.customHeaders:  - {}
[INFO  - 2017-09-13T09:38:44.910Z] Session [55f0fe40-9867-11e7-8a80-b7d4a3f507ce] - Session.negotiatedCapabilities - {"browserName":"phantomjs","version":"2.1.1","driverName":"ghostdriver","driverVersion":"1.2.0","platform":"windows-7-32bit","javascriptEnabled":true,"takesScreenshot":true,"handlesAlerts":false,"databaseEnabled":false,"locationContextEnabled":false,"applicationCacheEnabled":false,"browserConnectionEnabled":false,"cssSelectorsEnabled":true,"webStorageEnabled":false,"rotatable":false,"acceptSslCerts":false,"nativeEvents":true,"proxy":{"proxyType":"direct"}}
[INFO  - 2017-09-13T09:38:44.911Z] SessionManagerReqHand - _postNewSessionCommand - New Session Created: 55f0fe40-9867-11e7-8a80-b7d4a3f507ce
[INFO  - 2017-09-13T09:38:46.155Z] ShutdownReqHand - _handle - About to shutdown
[INFO  - 2017-09-13T09:41:24.528Z] GhostDriver - Main - running on port 40264
[INFO  - 2017-09-13T09:41:25.098Z] Session [b56be510-9867-11e7-aeb4-2b5b29135ed2] - page.settings - {"XSSAuditingEnabled":false,"javascriptCanCloseWindows":true,"javascriptCanOpenWindows":true,"javascriptEnabled":true,"loadImages":true,"localToRemoteUrlAccessEnabled":false,"userAgent":"Mozilla/5.0 (Windows NT 6.1) AppleWebKit/538.1 (KHTML, like Gecko) PhantomJS/2.1.1 Safari/538.1","webSecurityEnabled":true}
[INFO  - 2017-09-13T09:41:25.098Z] Session [b56be510-9867-11e7-aeb4-2b5b29135ed2] - page.customHeaders:  - {}
[INFO  - 2017-09-13T09:41:25.098Z] Session [b56be510-9867-11e7-aeb4-2b5b29135ed2] - Session.negotiatedCapabilities - {"browserName":"phantomjs","version":"2.1.1","driverName":"ghostdriver","driverVersion":"1.2.0","platform":"windows-7-32bit","javascriptEnabled":true,"takesScreenshot":true,"handlesAlerts":false,"databaseEnabled":false,"locationContextEnabled":false,"applicationCacheEnabled":false,"browserConnectionEnabled":false,"cssSelectorsEnabled":true,"webStorageEnabled":false,"rotatable":false,"acceptSslCerts":false,"nativeEvents":true,"proxy":{"proxyType":"direct"}}
[INFO  - 2017-09-13T09:41:25.098Z] SessionManagerReqHand - _postNewSessionCommand - New Session Created: b56be510-9867-11e7-aeb4-2b5b29135ed2
[INFO  - 2017-09-13T09:41:28.280Z] ShutdownReqHand - _handle - About to shutdown
[INFO  - 2017-09-13T09:41:58.110Z] GhostDriver - Main - running on port 31401
[INFO  - 2017-09-13T09:41:58.741Z] Session [c97968c0-9867-11e7-86e8-a76fb29669b4] - page.settings - {"XSSAuditingEnabled":false,"javascriptCanCloseWindows":true,"javascriptCanOpenWindows":true,"javascriptEnabled":true,"loadImages":true,"localToRemoteUrlAccessEnabled":false,"userAgent":"Mozilla/5.0 (Windows NT 6.1) AppleWebKit/538.1 (KHTML, like Gecko) PhantomJS/2.1.1 Safari/538.1","webSecurityEnabled":true}
[INFO  - 2017-09-13T09:41:58.741Z] Session [c97968c0-9867-11e7-86e8-a76fb29669b4] - page.customHeaders:  - {}
[INFO  - 2017-09-13T09:41:58.741Z] Session [c97968c0-9867-11e7-86e8-a76fb29669b4] - Session.negotiatedCapabilities - {"browserName":"phantomjs","version":"2.1.1","driverName":"ghostdriver","driverVersion":"1.2.0","platform":"windows-7-32bit","javascriptEnabled":true,"takesScreenshot":true,"handlesAlerts":false,"databaseEnabled":false,"locationContextEnabled":false,"applicationCacheEnabled":false,"browserConnectionEnabled":false,"cssSelectorsEnabled":true,"webStorageEnabled":false,"rotatable":false,"acceptSslCerts":false,"nativeEvents":true,"proxy":{"proxyType":"direct"}}
[INFO  - 2017-09-13T09:41:58.741Z] SessionManagerReqHand - _postNewSessionCommand - New Session Created: c97968c0-9867-11e7-86e8-a76fb29669b4
[INFO  - 2017-09-13T09:42:03.528Z] ShutdownReqHand - _handle - About to shutdown
[INFO  - 2017-09-13T09:42:41.366Z] GhostDriver - Main - running on port 25465
[INFO  - 2017-09-13T09:42:41.970Z] Session [e33da190-9867-11e7-b89e-c13776ff93db] - page.settings - {"XSSAuditingEnabled":false,"javascriptCanCloseWindows":true,"javascriptCanOpenWindows":true,"javascriptEnabled":true,"loadImages":true,"localToRemoteUrlAccessEnabled":false,"userAgent":"Mozilla/5.0 (Windows NT 6.1) AppleWebKit/538.1 (KHTML, like Gecko) PhantomJS/2.1.1 Safari/538.1","webSecurityEnabled":true}
[INFO  - 2017-09-13T09:42:41.970Z] Session [e33da190-9867-11e7-b89e-c13776ff93db] - page.customHeaders:  - {}
[INFO  - 2017-09-13T09:42:41.970Z] Session [e33da190-9867-11e7-b89e-c13776ff93db] - Session.negotiatedCapabilities - {"browserName":"phantomjs","version":"2.1.1","driverName":"ghostdriver","driverVersion":"1.2.0","platform":"windows-7-32bit","javascriptEnabled":true,"takesScreenshot":true,"handlesAlerts":false,"databaseEnabled":false,"locationContextEnabled":false,"applicationCacheEnabled":false,"browserConnectionEnabled":false,"cssSelectorsEnabled":true,"webStorageEnabled":false,"rotatable":false,"acceptSslCerts":false,"nativeEvents":true,"proxy":{"proxyType":"direct"}}
[INFO  - 2017-09-13T09:42:41.971Z] SessionManagerReqHand - _postNewSessionCommand - New Session Created: e33da190-9867-11e7-b89e-c13776ff93db
[INFO  - 2017-09-13T09:42:44.043Z] ShutdownReqHand - _handle - About to shutdown
[INFO  - 2017-09-13T09:43:16.995Z] GhostDriver - Main - running on port 2643
[INFO  - 2017-09-13T09:43:17.591Z] Session [f8791df0-9867-11e7-92d1-8faaf9680079] - page.settings - {"XSSAuditingEnabled":false,"javascriptCanCloseWindows":true,"javascriptCanOpenWindows":true,"javascriptEnabled":true,"loadImages":true,"localToRemoteUrlAccessEnabled":false,"userAgent":"Mozilla/5.0 (Windows NT 6.1) AppleWebKit/538.1 (KHTML, like Gecko) PhantomJS/2.1.1 Safari/538.1","webSecurityEnabled":true}
[INFO  - 2017-09-13T09:43:17.591Z] Session [f8791df0-9867-11e7-92d1-8faaf9680079] - page.customHeaders:  - {}
[INFO  - 2017-09-13T09:43:17.592Z] Session [f8791df0-9867-11e7-92d1-8faaf9680079] - Session.negotiatedCapabilities - {"browserName":"phantomjs","version":"2.1.1","driverName":"ghostdriver","driverVersion":"1.2.0","platform":"windows-7-32bit","javascriptEnabled":true,"takesScreenshot":true,"handlesAlerts":false,"databaseEnabled":false,"locationContextEnabled":false,"applicationCacheEnabled":false,"browserConnectionEnabled":false,"cssSelectorsEnabled":true,"webStorageEnabled":false,"rotatable":false,"acceptSslCerts":false,"nativeEvents":true,"proxy":{"proxyType":"direct"}}
[INFO  - 2017-09-13T09:43:17.592Z] SessionManagerReqHand - _postNewSessionCommand - New Session Created: f8791df0-9867-11e7-92d1-8faaf9680079
[INFO  - 2017-09-13T09:43:26.471Z] ShutdownReqHand - _handle - About to shutdown
[INFO  - 2017-09-13T09:44:19.516Z] GhostDriver - Main - running on port 16413
[INFO  - 2017-09-13T09:44:19.981Z] Session [1da8ec40-9868-11e7-9f4e-f9e3cd70b7ed] - page.settings - {"XSSAuditingEnabled":false,"javascriptCanCloseWindows":true,"javascriptCanOpenWindows":true,"javascriptEnabled":true,"loadImages":true,"localToRemoteUrlAccessEnabled":false,"userAgent":"Mozilla/5.0 (Windows NT 6.1) AppleWebKit/538.1 (KHTML, like Gecko) PhantomJS/2.1.1 Safari/538.1","webSecurityEnabled":true}
[INFO  - 2017-09-13T09:44:19.981Z] Session [1da8ec40-9868-11e7-9f4e-f9e3cd70b7ed] - page.customHeaders:  - {}
[INFO  - 2017-09-13T09:44:19.982Z] Session [1da8ec40-9868-11e7-9f4e-f9e3cd70b7ed] - Session.negotiatedCapabilities - {"browserName":"phantomjs","version":"2.1.1","driverName":"ghostdriver","driverVersion":"1.2.0","platform":"windows-7-32bit","javascriptEnabled":true,"takesScreenshot":true,"handlesAlerts":false,"databaseEnabled":false,"locationContextEnabled":false,"applicationCacheEnabled":false,"browserConnectionEnabled":false,"cssSelectorsEnabled":true,"webStorageEnabled":false,"rotatable":false,"acceptSslCerts":false,"nativeEvents":true,"proxy":{"proxyType":"direct"}}
[INFO  - 2017-09-13T09:44:19.982Z] SessionManagerReqHand - _postNewSessionCommand - New Session Created: 1da8ec40-9868-11e7-9f4e-f9e3cd70b7ed
[INFO  - 2017-09-13T09:44:30.216Z] ShutdownReqHand - _handle - About to shutdown
[INFO  - 2017-09-13T09:45:23.857Z] GhostDriver - Main - running on port 36241
[INFO  - 2017-09-13T09:45:24.498Z] Session [441d6f90-9868-11e7-8d58-e72cffad3c15] - page.settings - {"XSSAuditingEnabled":false,"javascriptCanCloseWindows":true,"javascriptCanOpenWindows":true,"javascriptEnabled":true,"loadImages":true,"localToRemoteUrlAccessEnabled":false,"userAgent":"Mozilla/5.0 (Windows NT 6.1) AppleWebKit/538.1 (KHTML, like Gecko) PhantomJS/2.1.1 Safari/538.1","webSecurityEnabled":true}
[INFO  - 2017-09-13T09:45:24.499Z] Session [441d6f90-9868-11e7-8d58-e72cffad3c15] - page.customHeaders:  - {}
[INFO  - 2017-09-13T09:45:24.499Z] Session [441d6f90-9868-11e7-8d58-e72cffad3c15] - Session.negotiatedCapabilities - {"browserName":"phantomjs","version":"2.1.1","driverName":"ghostdriver","driverVersion":"1.2.0","platform":"windows-7-32bit","javascriptEnabled":true,"takesScreenshot":true,"handlesAlerts":false,"databaseEnabled":false,"locationContextEnabled":false,"applicationCacheEnabled":false,"browserConnectionEnabled":false,"cssSelectorsEnabled":true,"webStorageEnabled":false,"rotatable":false,"acceptSslCerts":false,"nativeEvents":true,"proxy":{"proxyType":"direct"}}
[INFO  - 2017-09-13T09:45:24.499Z] SessionManagerReqHand - _postNewSessionCommand - New Session Created: 441d6f90-9868-11e7-8d58-e72cffad3c15
[ERROR - 2017-09-13T09:45:34.416Z] Session [441d6f90-9868-11e7-8d58-e72cffad3c15] - page.onError - msg: ReferenceError: Can't find variable: $
[ERROR - 2017-09-13T09:45:34.417Z] Session [441d6f90-9868-11e7-8d58-e72cffad3c15] - page.onError - stack:
  global code (http://whtnow.eu5.org/JS/validate.js:103)
[ERROR - 2017-09-13T09:45:34.426Z] Session [441d6f90-9868-11e7-8d58-e72cffad3c15] - page.onError - msg: ReferenceError: Can't find variable: $
[ERROR - 2017-09-13T09:45:34.426Z] Session [441d6f90-9868-11e7-8d58-e72cffad3c15] - page.onError - stack:
  global code (http://whtnow.eu5.org/JS/myjs.js:1)
[ERROR - 2017-09-13T09:45:34.636Z] Session [441d6f90-9868-11e7-8d58-e72cffad3c15] - page.onError - msg: TypeError: undefined is not a constructor (evaluating '$(window)')
[ERROR - 2017-09-13T09:45:34.637Z] Session [441d6f90-9868-11e7-8d58-e72cffad3c15] - page.onError - stack:
  (anonymous function) (https://cdnjs.cloudflare.com/ajax/libs/bootstrap-datepicker/1.3.1/js/bootstrap-datepicker.js:25)
[INFO  - 2017-09-13T09:45:43.935Z] ShutdownReqHand - _handle - About to shutdown
